[INFO  Mon 16 Jan 02:19:32 2023] ...acker/start/mason.nvim/lua/mason-core/installer/init.lua:120: Executing installer for Package(name=lua-language-server)
[INFO  Mon 16 Jan 02:19:38 2023] ...acker/start/mason.nvim/lua/mason-core/installer/init.lua:152: Installation succeeded for Package(name=lua-language-server)
[INFO  Mon 16 Jan 16:07:04 2023] ...acker/start/mason.nvim/lua/mason-core/installer/init.lua:120: Executing installer for Package(name=typescript-language-server)
[INFO  Mon 16 Jan 16:07:04 2023] ...acker/start/mason.nvim/lua/mason-core/installer/init.lua:120: Executing installer for Package(name=lua-language-server)
[INFO  Mon 16 Jan 16:07:04 2023] ...acker/start/mason.nvim/lua/mason-core/installer/init.lua:120: Executing installer for Package(name=rust-analyzer)
[INFO  Mon 16 Jan 16:07:25 2023] ...acker/start/mason.nvim/lua/mason-core/installer/init.lua:152: Installation succeeded for Package(name=rust-analyzer)
[INFO  Mon 16 Jan 16:07:28 2023] ...acker/start/mason.nvim/lua/mason-core/installer/init.lua:152: Installation succeeded for Package(name=typescript-language-server)
[INFO  Mon 16 Jan 16:07:29 2023] ...acker/start/mason.nvim/lua/mason-core/installer/init.lua:152: Installation succeeded for Package(name=lua-language-server)
[INFO  Mon 16 Jan 16:10:02 2023] ...acker/start/mason.nvim/lua/mason-core/installer/init.lua:120: Executing installer for Package(name=eslint-lsp)
[INFO  Mon 16 Jan 16:10:13 2023] ...acker/start/mason.nvim/lua/mason-core/installer/init.lua:152: Installation succeeded for Package(name=eslint-lsp)
[INFO  Mon 16 Jan 16:15:39 2023] ...acker/start/mason.nvim/lua/mason-core/installer/init.lua:120: Executing installer for Package(name=cpplint)
[INFO  Mon 16 Jan 16:15:43 2023] ...acker/start/mason.nvim/lua/mason-core/installer/init.lua:152: Installation succeeded for Package(name=cpplint)
[INFO  Thu 19 Jan 22:28:21 2023] ...acker/start/mason.nvim/lua/mason-core/installer/init.lua:120: Executing installer for Package(name=pylint)
[INFO  Thu 19 Jan 22:28:30 2023] ...acker/start/mason.nvim/lua/mason-core/installer/init.lua:152: Installation succeeded for Package(name=pylint)
[INFO  Mon 23 Jan 19:45:46 2023] ...acker/start/mason.nvim/lua/mason-core/installer/init.lua:120: Executing installer for Package(name=python-lsp-server)
[INFO  Mon 23 Jan 19:45:51 2023] ...acker/start/mason.nvim/lua/mason-core/installer/init.lua:120: Executing installer for Package(name=pyright)
[INFO  Mon 23 Jan 19:45:53 2023] ...acker/start/mason.nvim/lua/mason-core/installer/init.lua:152: Installation succeeded for Package(name=python-lsp-server)
[INFO  Mon 23 Jan 19:45:54 2023] ...acker/start/mason.nvim/lua/mason-core/installer/init.lua:152: Installation succeeded for Package(name=pyright)
[INFO  Mon 23 Jan 19:45:58 2023] ...acker/start/mason.nvim/lua/mason-core/installer/init.lua:120: Executing installer for Package(name=prettier)
[INFO  Mon 23 Jan 19:46:00 2023] ...acker/start/mason.nvim/lua/mason-core/installer/init.lua:152: Installation succeeded for Package(name=prettier)
[INFO  Mon 23 Jan 19:46:12 2023] ...acker/start/mason.nvim/lua/mason-core/installer/init.lua:120: Executing installer for Package(name=clang-format)
[INFO  Mon 23 Jan 19:46:14 2023] ...acker/start/mason.nvim/lua/mason-core/installer/init.lua:152: Installation succeeded for Package(name=clang-format)
[INFO  Mon 23 Jan 19:46:15 2023] ...acker/start/mason.nvim/lua/mason-core/installer/init.lua:120: Executing installer for Package(name=clarity-lsp)
[INFO  Mon 23 Jan 19:46:23 2023] ...acker/start/mason.nvim/lua/mason-core/installer/init.lua:120: Executing installer for Package(name=clangd)
[INFO  Mon 23 Jan 19:46:27 2023] ...acker/start/mason.nvim/lua/mason-core/installer/init.lua:120: Executing installer for Package(name=cpptools)
[INFO  Mon 23 Jan 19:46:30 2023] ...acker/start/mason.nvim/lua/mason-core/installer/init.lua:120: Executing installer for Package(name=cmakelang)
[INFO  Mon 23 Jan 19:46:31 2023] ...acker/start/mason.nvim/lua/mason-core/installer/init.lua:152: Installation succeeded for Package(name=clangd)
[INFO  Mon 23 Jan 19:46:33 2023] ...acker/start/mason.nvim/lua/mason-core/installer/init.lua:152: Installation succeeded for Package(name=cmakelang)
[INFO  Mon 23 Jan 19:46:35 2023] ...acker/start/mason.nvim/lua/mason-core/installer/init.lua:152: Installation succeeded for Package(name=clarity-lsp)
[INFO  Mon 23 Jan 19:46:40 2023] ...acker/start/mason.nvim/lua/mason-core/installer/init.lua:152: Installation succeeded for Package(name=cpptools)
[INFO  Mon 23 Jan 19:47:18 2023] ...acker/start/mason.nvim/lua/mason-core/installer/init.lua:120: Executing installer for Package(name=lua-language-server)
[INFO  Mon 23 Jan 19:47:18 2023] ...acker/start/mason.nvim/lua/mason-core/installer/init.lua:120: Executing installer for Package(name=rust-analyzer)
[INFO  Mon 23 Jan 19:47:22 2023] ...acker/start/mason.nvim/lua/mason-core/installer/init.lua:152: Installation succeeded for Package(name=lua-language-server)
[INFO  Mon 23 Jan 19:47:24 2023] ...acker/start/mason.nvim/lua/mason-core/installer/init.lua:152: Installation succeeded for Package(name=rust-analyzer)
[INFO  Wed 25 Jan 17:50:54 2023] ...acker/start/mason.nvim/lua/mason-core/installer/init.lua:120: Executing installer for Package(name=shellcheck)
[INFO  Wed 25 Jan 17:50:57 2023] ...acker/start/mason.nvim/lua/mason-core/installer/init.lua:152: Installation succeeded for Package(name=shellcheck)
[INFO  Wed 25 Jan 17:51:11 2023] ...acker/start/mason.nvim/lua/mason-core/installer/init.lua:120: Executing installer for Package(name=bash-language-server)
[INFO  Wed 25 Jan 17:51:14 2023] ...acker/start/mason.nvim/lua/mason-core/installer/init.lua:120: Executing installer for Package(name=bash-debug-adapter)
[ERROR Wed 25 Jan 17:51:17 2023] ...acker/start/mason.nvim/lua/mason-core/installer/init.lua:159: Installation failed for Package(name=bash-debug-adapter) error="Installation was aborted."
[ERROR Wed 25 Jan 17:51:17 2023] ...acker/start/mason.nvim/lua/mason-core/installer/init.lua:159: Installation failed for Package(name=bash-language-server) error="Installation was aborted."
[INFO  Wed 25 Jan 17:52:11 2023] ...acker/start/mason.nvim/lua/mason-core/installer/init.lua:120: Executing installer for Package(name=pyright)
[INFO  Wed 25 Jan 17:52:11 2023] ...acker/start/mason.nvim/lua/mason-core/installer/init.lua:120: Executing installer for Package(name=typescript-language-server)
[INFO  Wed 25 Jan 17:52:13 2023] ...acker/start/mason.nvim/lua/mason-core/installer/init.lua:152: Installation succeeded for Package(name=typescript-language-server)
[INFO  Wed 25 Jan 17:52:14 2023] ...acker/start/mason.nvim/lua/mason-core/installer/init.lua:152: Installation succeeded for Package(name=pyright)
[INFO  Sun 29 Jan 10:13:49 2023] ...acker/start/mason.nvim/lua/mason-core/installer/init.lua:120: Executing installer for Package(name=typescript-language-server)
[INFO  Sun 29 Jan 10:13:49 2023] ...acker/start/mason.nvim/lua/mason-core/installer/init.lua:120: Executing installer for Package(name=rust-analyzer)
[ERROR Sun 29 Jan 10:13:57 2023] ...acker/start/mason.nvim/lua/mason-core/installer/init.lua:159: Installation failed for Package(name=rust-analyzer) error="Installation was aborted."
[ERROR Sun 29 Jan 10:13:57 2023] ...acker/start/mason.nvim/lua/mason-core/installer/init.lua:159: Installation failed for Package(name=typescript-language-server) error="Installation was aborted."
[INFO  Sun 29 Jan 10:14:18 2023] ...acker/start/mason.nvim/lua/mason-core/installer/init.lua:120: Executing installer for Package(name=typescript-language-server)
[INFO  Sun 29 Jan 10:14:18 2023] ...acker/start/mason.nvim/lua/mason-core/installer/init.lua:120: Executing installer for Package(name=rust-analyzer)
[INFO  Sun 29 Jan 10:14:22 2023] ...acker/start/mason.nvim/lua/mason-core/installer/init.lua:152: Installation succeeded for Package(name=typescript-language-server)
[INFO  Sun 29 Jan 10:14:22 2023] ...acker/start/mason.nvim/lua/mason-core/installer/init.lua:152: Installation succeeded for Package(name=rust-analyzer)
[INFO  Sun 29 Jan 18:57:48 2023] ...acker/start/mason.nvim/lua/mason-core/installer/init.lua:120: Executing installer for Package(name=textlint)
[INFO  Sun 29 Jan 18:57:54 2023] ...acker/start/mason.nvim/lua/mason-core/installer/init.lua:120: Executing installer for Package(name=texlab)
[INFO  Sun 29 Jan 18:58:10 2023] ...acker/start/mason.nvim/lua/mason-core/installer/init.lua:152: Installation succeeded for Package(name=texlab)
[INFO  Sun 29 Jan 18:58:25 2023] ...acker/start/mason.nvim/lua/mason-core/installer/init.lua:152: Installation succeeded for Package(name=textlint)
[INFO  Sun 29 Jan 19:00:47 2023] ...acker/start/mason.nvim/lua/mason-core/installer/init.lua:120: Executing installer for Package(name=tectonic)
[INFO  Sun 29 Jan 19:00:50 2023] ...acker/start/mason.nvim/lua/mason-core/installer/init.lua:152: Installation succeeded for Package(name=tectonic)
[INFO  Sun 29 Jan 19:00:53 2023] ...acker/start/mason.nvim/lua/mason-core/installer/init.lua:120: Executing installer for Package(name=ltex-ls)
[INFO  Sun 29 Jan 19:06:51 2023] ...acker/start/mason.nvim/lua/mason-core/installer/init.lua:152: Installation succeeded for Package(name=ltex-ls)
[INFO  Wed  8 Feb 18:16:46 2023] ...e/nvim/lazy/mason.nvim/lua/mason-core/installer/init.lua:120: Executing installer for Package(name=stylua)
[INFO  Wed  8 Feb 18:16:46 2023] ...e/nvim/lazy/mason.nvim/lua/mason-core/installer/init.lua:120: Executing installer for Package(name=shellcheck)
[INFO  Wed  8 Feb 18:16:46 2023] ...e/nvim/lazy/mason.nvim/lua/mason-core/installer/init.lua:120: Executing installer for Package(name=shfmt)
[INFO  Wed  8 Feb 18:16:46 2023] ...e/nvim/lazy/mason.nvim/lua/mason-core/installer/init.lua:120: Executing installer for Package(name=flake8)
[INFO  Wed  8 Feb 18:16:49 2023] ...e/nvim/lazy/mason.nvim/lua/mason-core/installer/init.lua:120: Executing installer for Package(name=json-lsp)
[INFO  Wed  8 Feb 18:16:49 2023] ...e/nvim/lazy/mason.nvim/lua/mason-core/installer/init.lua:152: Installation succeeded for Package(name=shellcheck)
[INFO  Wed  8 Feb 18:16:49 2023] ...e/nvim/lazy/mason.nvim/lua/mason-core/installer/init.lua:120: Executing installer for Package(name=lua-language-server)
[INFO  Wed  8 Feb 18:16:49 2023] ...e/nvim/lazy/mason.nvim/lua/mason-core/installer/init.lua:152: Installation succeeded for Package(name=flake8)
[INFO  Wed  8 Feb 18:16:50 2023] ...e/nvim/lazy/mason.nvim/lua/mason-core/installer/init.lua:152: Installation succeeded for Package(name=stylua)
[INFO  Wed  8 Feb 18:16:51 2023] ...e/nvim/lazy/mason.nvim/lua/mason-core/installer/init.lua:152: Installation succeeded for Package(name=shfmt)
[INFO  Wed  8 Feb 18:16:52 2023] ...e/nvim/lazy/mason.nvim/lua/mason-core/installer/init.lua:152: Installation succeeded for Package(name=lua-language-server)
[INFO  Wed  8 Feb 18:16:55 2023] ...e/nvim/lazy/mason.nvim/lua/mason-core/installer/init.lua:152: Installation succeeded for Package(name=json-lsp)
