

Wed  8 Feb 18:19:57 2023
...im/0.8.3/share/nvim/runtime/lua/vim/treesitter/query.lua:219: query: invalid node type at position 2765 for language vim

stack traceback:
	[C]: in function 'pcall'
	...local/share/nvim/lazy/noice.nvim/lua/noice/util/call.lua:144: in function <...local/share/nvim/lazy/noice.nvim/lua/noice/util/call.lua:143>
	[C]: in function '_ts_parse_query'
	...im/0.8.3/share/nvim/runtime/lua/vim/treesitter/query.lua:219: in function 'get_query'
	...share/nvim/lazy/noice.nvim/lua/noice/text/treesitter.lua:51: in function 'fn'
	...3/share/nvim/runtime/lua/vim/treesitter/languagetree.lua:210: in function 'for_each_tree'
	...share/nvim/lazy/noice.nvim/lua/noice/text/treesitter.lua:46: in function 'highlight'
	...
	...ocal/share/nvim/lazy/noice.nvim/lua/noice/text/block.lua:97: in function 'render'
	...local/share/nvim/lazy/noice.nvim/lua/noice/view/init.lua:249: in function 'render'
	....local/share/nvim/lazy/noice.nvim/lua/noice/view/nui.lua:290: in function <....local/share/nvim/lazy/noice.nvim/lua/noice/view/nui.lua:276>
	[C]: in function 'xpcall'
	...local/share/nvim/lazy/noice.nvim/lua/noice/util/call.lua:149: in function 'try'
	...local/share/nvim/lazy/noice.nvim/lua/noice/view/init.lua:136: in function 'display'
	.../share/nvim/lazy/noice.nvim/lua/noice/message/router.lua:204: in function <.../share/nvim/lazy/noice.nvim/lua/noice/message/router.lua:144>
	[C]: in function 'xpcall'
	...local/share/nvim/lazy/noice.nvim/lua/noice/util/call.lua:149: in function 'try'
	.../.local/share/nvim/lazy/noice.nvim/lua/noice/ui/init.lua:99: in function <.../.local/share/nvim/lazy/noice.nvim/lua/noice/ui/init.lua:74>

Wed  8 Feb 18:19:57 2023
...im/0.8.3/share/nvim/runtime/lua/vim/treesitter/query.lua:219: query: invalid node type at position 2765 for language vim

stack traceback:
	[C]: in function 'pcall'
	...local/share/nvim/lazy/noice.nvim/lua/noice/util/call.lua:144: in function <...local/share/nvim/lazy/noice.nvim/lua/noice/util/call.lua:143>
	[C]: in function '_ts_parse_query'
	...im/0.8.3/share/nvim/runtime/lua/vim/treesitter/query.lua:219: in function 'get_query'
	...share/nvim/lazy/noice.nvim/lua/noice/text/treesitter.lua:51: in function 'fn'
	...3/share/nvim/runtime/lua/vim/treesitter/languagetree.lua:210: in function 'for_each_tree'
	...share/nvim/lazy/noice.nvim/lua/noice/text/treesitter.lua:46: in function 'highlight'
	...
	...ocal/share/nvim/lazy/noice.nvim/lua/noice/text/block.lua:97: in function 'render'
	...local/share/nvim/lazy/noice.nvim/lua/noice/view/init.lua:249: in function 'render'
	....local/share/nvim/lazy/noice.nvim/lua/noice/view/nui.lua:290: in function <....local/share/nvim/lazy/noice.nvim/lua/noice/view/nui.lua:276>
	[C]: in function 'xpcall'
	...local/share/nvim/lazy/noice.nvim/lua/noice/util/call.lua:149: in function 'try'
	...local/share/nvim/lazy/noice.nvim/lua/noice/view/init.lua:136: in function 'display'
	.../share/nvim/lazy/noice.nvim/lua/noice/message/router.lua:204: in function <.../share/nvim/lazy/noice.nvim/lua/noice/message/router.lua:144>
	[C]: in function 'xpcall'
	...local/share/nvim/lazy/noice.nvim/lua/noice/util/call.lua:149: in function 'try'
	.../.local/share/nvim/lazy/noice.nvim/lua/noice/ui/init.lua:99: in function <.../.local/share/nvim/lazy/noice.nvim/lua/noice/ui/init.lua:74>

Wed  8 Feb 18:20:16 2023
...im/0.8.3/share/nvim/runtime/lua/vim/treesitter/query.lua:219: query: invalid node type at position 2765 for language vim

stack traceback:
	[C]: in function 'pcall'
	...local/share/nvim/lazy/noice.nvim/lua/noice/util/call.lua:144: in function <...local/share/nvim/lazy/noice.nvim/lua/noice/util/call.lua:143>
	[C]: in function '_ts_parse_query'
	...im/0.8.3/share/nvim/runtime/lua/vim/treesitter/query.lua:219: in function 'get_query'
	...share/nvim/lazy/noice.nvim/lua/noice/text/treesitter.lua:51: in function 'fn'
	...3/share/nvim/runtime/lua/vim/treesitter/languagetree.lua:210: in function 'for_each_tree'
	...share/nvim/lazy/noice.nvim/lua/noice/text/treesitter.lua:46: in function 'highlight'
	...
	...ocal/share/nvim/lazy/noice.nvim/lua/noice/text/block.lua:97: in function 'render'
	...local/share/nvim/lazy/noice.nvim/lua/noice/view/init.lua:249: in function 'render'
	....local/share/nvim/lazy/noice.nvim/lua/noice/view/nui.lua:290: in function <....local/share/nvim/lazy/noice.nvim/lua/noice/view/nui.lua:276>
	[C]: in function 'xpcall'
	...local/share/nvim/lazy/noice.nvim/lua/noice/util/call.lua:149: in function 'try'
	...local/share/nvim/lazy/noice.nvim/lua/noice/view/init.lua:136: in function 'display'
	.../share/nvim/lazy/noice.nvim/lua/noice/message/router.lua:204: in function <.../share/nvim/lazy/noice.nvim/lua/noice/message/router.lua:144>
	[C]: in function 'xpcall'
	...local/share/nvim/lazy/noice.nvim/lua/noice/util/call.lua:149: in function 'try'
	.../.local/share/nvim/lazy/noice.nvim/lua/noice/ui/init.lua:99: in function <.../.local/share/nvim/lazy/noice.nvim/lua/noice/ui/init.lua:74>

Wed  8 Feb 18:20:16 2023
...im/0.8.3/share/nvim/runtime/lua/vim/treesitter/query.lua:219: query: invalid node type at position 2765 for language vim

stack traceback:
	[C]: in function 'pcall'
	...local/share/nvim/lazy/noice.nvim/lua/noice/util/call.lua:144: in function <...local/share/nvim/lazy/noice.nvim/lua/noice/util/call.lua:143>
	[C]: in function '_ts_parse_query'
	...im/0.8.3/share/nvim/runtime/lua/vim/treesitter/query.lua:219: in function 'get_query'
	...share/nvim/lazy/noice.nvim/lua/noice/text/treesitter.lua:51: in function 'fn'
	...3/share/nvim/runtime/lua/vim/treesitter/languagetree.lua:210: in function 'for_each_tree'
	...share/nvim/lazy/noice.nvim/lua/noice/text/treesitter.lua:46: in function 'highlight'
	...
	...ocal/share/nvim/lazy/noice.nvim/lua/noice/text/block.lua:97: in function 'render'
	...local/share/nvim/lazy/noice.nvim/lua/noice/view/init.lua:249: in function 'render'
	....local/share/nvim/lazy/noice.nvim/lua/noice/view/nui.lua:290: in function <....local/share/nvim/lazy/noice.nvim/lua/noice/view/nui.lua:276>
	[C]: in function 'xpcall'
	...local/share/nvim/lazy/noice.nvim/lua/noice/util/call.lua:149: in function 'try'
	...local/share/nvim/lazy/noice.nvim/lua/noice/view/init.lua:136: in function 'display'
	.../share/nvim/lazy/noice.nvim/lua/noice/message/router.lua:204: in function <.../share/nvim/lazy/noice.nvim/lua/noice/message/router.lua:144>
	[C]: in function 'xpcall'
	...local/share/nvim/lazy/noice.nvim/lua/noice/util/call.lua:149: in function 'try'
	.../.local/share/nvim/lazy/noice.nvim/lua/noice/ui/init.lua:99: in function <.../.local/share/nvim/lazy/noice.nvim/lua/noice/ui/init.lua:74>

Wed  8 Feb 18:20:23 2023
...im/0.8.3/share/nvim/runtime/lua/vim/treesitter/query.lua:219: query: invalid node type at position 2765 for language vim

stack traceback:
	[C]: in function 'pcall'
	...local/share/nvim/lazy/noice.nvim/lua/noice/util/call.lua:144: in function <...local/share/nvim/lazy/noice.nvim/lua/noice/util/call.lua:143>
	[C]: in function '_ts_parse_query'
	...im/0.8.3/share/nvim/runtime/lua/vim/treesitter/query.lua:219: in function 'get_query'
	...share/nvim/lazy/noice.nvim/lua/noice/text/treesitter.lua:51: in function 'fn'
	...3/share/nvim/runtime/lua/vim/treesitter/languagetree.lua:210: in function 'for_each_tree'
	...share/nvim/lazy/noice.nvim/lua/noice/text/treesitter.lua:46: in function 'highlight'
	...
	...ocal/share/nvim/lazy/noice.nvim/lua/noice/text/block.lua:97: in function 'render'
	...local/share/nvim/lazy/noice.nvim/lua/noice/view/init.lua:249: in function 'render'
	....local/share/nvim/lazy/noice.nvim/lua/noice/view/nui.lua:290: in function <....local/share/nvim/lazy/noice.nvim/lua/noice/view/nui.lua:276>
	[C]: in function 'xpcall'
	...local/share/nvim/lazy/noice.nvim/lua/noice/util/call.lua:149: in function 'try'
	...local/share/nvim/lazy/noice.nvim/lua/noice/view/init.lua:136: in function 'display'
	.../share/nvim/lazy/noice.nvim/lua/noice/message/router.lua:204: in function <.../share/nvim/lazy/noice.nvim/lua/noice/message/router.lua:144>
	[C]: in function 'xpcall'
	...local/share/nvim/lazy/noice.nvim/lua/noice/util/call.lua:149: in function 'try'
	.../.local/share/nvim/lazy/noice.nvim/lua/noice/ui/init.lua:99: in function <.../.local/share/nvim/lazy/noice.nvim/lua/noice/ui/init.lua:74>

Wed  8 Feb 18:20:23 2023
...im/0.8.3/share/nvim/runtime/lua/vim/treesitter/query.lua:219: query: invalid node type at position 2765 for language vim

stack traceback:
	[C]: in function 'pcall'
	...local/share/nvim/lazy/noice.nvim/lua/noice/util/call.lua:144: in function <...local/share/nvim/lazy/noice.nvim/lua/noice/util/call.lua:143>
	[C]: in function '_ts_parse_query'
	...im/0.8.3/share/nvim/runtime/lua/vim/treesitter/query.lua:219: in function 'get_query'
	...share/nvim/lazy/noice.nvim/lua/noice/text/treesitter.lua:51: in function 'fn'
	...3/share/nvim/runtime/lua/vim/treesitter/languagetree.lua:210: in function 'for_each_tree'
	...share/nvim/lazy/noice.nvim/lua/noice/text/treesitter.lua:46: in function 'highlight'
	...
	...ocal/share/nvim/lazy/noice.nvim/lua/noice/text/block.lua:97: in function 'render'
	...local/share/nvim/lazy/noice.nvim/lua/noice/view/init.lua:249: in function 'render'
	....local/share/nvim/lazy/noice.nvim/lua/noice/view/nui.lua:290: in function <....local/share/nvim/lazy/noice.nvim/lua/noice/view/nui.lua:276>
	[C]: in function 'xpcall'
	...local/share/nvim/lazy/noice.nvim/lua/noice/util/call.lua:149: in function 'try'
	...local/share/nvim/lazy/noice.nvim/lua/noice/view/init.lua:136: in function 'display'
	.../share/nvim/lazy/noice.nvim/lua/noice/message/router.lua:204: in function <.../share/nvim/lazy/noice.nvim/lua/noice/message/router.lua:144>
	[C]: in function 'xpcall'
	...local/share/nvim/lazy/noice.nvim/lua/noice/util/call.lua:149: in function 'try'
	.../.local/share/nvim/lazy/noice.nvim/lua/noice/ui/init.lua:99: in function <.../.local/share/nvim/lazy/noice.nvim/lua/noice/ui/init.lua:74>

Wed  8 Feb 18:20:24 2023
...im/0.8.3/share/nvim/runtime/lua/vim/treesitter/query.lua:219: query: invalid node type at position 2765 for language vim

stack traceback:
	[C]: in function 'pcall'
	...local/share/nvim/lazy/noice.nvim/lua/noice/util/call.lua:144: in function <...local/share/nvim/lazy/noice.nvim/lua/noice/util/call.lua:143>
	[C]: in function '_ts_parse_query'
	...im/0.8.3/share/nvim/runtime/lua/vim/treesitter/query.lua:219: in function 'get_query'
	...share/nvim/lazy/noice.nvim/lua/noice/text/treesitter.lua:51: in function 'fn'
	...3/share/nvim/runtime/lua/vim/treesitter/languagetree.lua:210: in function 'for_each_tree'
	...share/nvim/lazy/noice.nvim/lua/noice/text/treesitter.lua:46: in function 'highlight'
	...
	...ocal/share/nvim/lazy/noice.nvim/lua/noice/text/block.lua:97: in function 'render'
	...local/share/nvim/lazy/noice.nvim/lua/noice/view/init.lua:249: in function 'render'
	....local/share/nvim/lazy/noice.nvim/lua/noice/view/nui.lua:290: in function <....local/share/nvim/lazy/noice.nvim/lua/noice/view/nui.lua:276>
	[C]: in function 'xpcall'
	...local/share/nvim/lazy/noice.nvim/lua/noice/util/call.lua:149: in function 'try'
	...local/share/nvim/lazy/noice.nvim/lua/noice/view/init.lua:136: in function 'display'
	.../share/nvim/lazy/noice.nvim/lua/noice/message/router.lua:204: in function <.../share/nvim/lazy/noice.nvim/lua/noice/message/router.lua:144>
	[C]: in function 'xpcall'
	...local/share/nvim/lazy/noice.nvim/lua/noice/util/call.lua:149: in function 'try'
	.../.local/share/nvim/lazy/noice.nvim/lua/noice/ui/init.lua:99: in function <.../.local/share/nvim/lazy/noice.nvim/lua/noice/ui/init.lua:74>

Wed  8 Feb 18:20:25 2023
...im/0.8.3/share/nvim/runtime/lua/vim/treesitter/query.lua:219: query: invalid node type at position 2765 for language vim

stack traceback:
	[C]: in function 'pcall'
	...local/share/nvim/lazy/noice.nvim/lua/noice/util/call.lua:144: in function <...local/share/nvim/lazy/noice.nvim/lua/noice/util/call.lua:143>
	[C]: in function '_ts_parse_query'
	...im/0.8.3/share/nvim/runtime/lua/vim/treesitter/query.lua:219: in function 'get_query'
	...share/nvim/lazy/noice.nvim/lua/noice/text/treesitter.lua:51: in function 'fn'
	...3/share/nvim/runtime/lua/vim/treesitter/languagetree.lua:210: in function 'for_each_tree'
	...share/nvim/lazy/noice.nvim/lua/noice/text/treesitter.lua:46: in function 'highlight'
	...
	...ocal/share/nvim/lazy/noice.nvim/lua/noice/text/block.lua:97: in function 'render'
	...local/share/nvim/lazy/noice.nvim/lua/noice/view/init.lua:249: in function 'render'
	....local/share/nvim/lazy/noice.nvim/lua/noice/view/nui.lua:290: in function <....local/share/nvim/lazy/noice.nvim/lua/noice/view/nui.lua:276>
	[C]: in function 'xpcall'
	...local/share/nvim/lazy/noice.nvim/lua/noice/util/call.lua:149: in function 'try'
	...local/share/nvim/lazy/noice.nvim/lua/noice/view/init.lua:136: in function 'display'
	.../share/nvim/lazy/noice.nvim/lua/noice/message/router.lua:204: in function <.../share/nvim/lazy/noice.nvim/lua/noice/message/router.lua:144>
	[C]: in function 'xpcall'
	...local/share/nvim/lazy/noice.nvim/lua/noice/util/call.lua:149: in function 'try'
	.../.local/share/nvim/lazy/noice.nvim/lua/noice/ui/init.lua:99: in function <.../.local/share/nvim/lazy/noice.nvim/lua/noice/ui/init.lua:74>

Wed  8 Feb 18:20:25 2023
...im/0.8.3/share/nvim/runtime/lua/vim/treesitter/query.lua:219: query: invalid node type at position 2765 for language vim

stack traceback:
	[C]: in function 'pcall'
	...local/share/nvim/lazy/noice.nvim/lua/noice/util/call.lua:144: in function <...local/share/nvim/lazy/noice.nvim/lua/noice/util/call.lua:143>
	[C]: in function '_ts_parse_query'
	...im/0.8.3/share/nvim/runtime/lua/vim/treesitter/query.lua:219: in function 'get_query'
	...share/nvim/lazy/noice.nvim/lua/noice/text/treesitter.lua:51: in function 'fn'
	...3/share/nvim/runtime/lua/vim/treesitter/languagetree.lua:210: in function 'for_each_tree'
	...share/nvim/lazy/noice.nvim/lua/noice/text/treesitter.lua:46: in function 'highlight'
	...
	...ocal/share/nvim/lazy/noice.nvim/lua/noice/text/block.lua:97: in function 'render'
	...local/share/nvim/lazy/noice.nvim/lua/noice/view/init.lua:249: in function 'render'
	....local/share/nvim/lazy/noice.nvim/lua/noice/view/nui.lua:290: in function <....local/share/nvim/lazy/noice.nvim/lua/noice/view/nui.lua:276>
	[C]: in function 'xpcall'
	...local/share/nvim/lazy/noice.nvim/lua/noice/util/call.lua:149: in function 'try'
	...local/share/nvim/lazy/noice.nvim/lua/noice/view/init.lua:136: in function 'display'
	.../share/nvim/lazy/noice.nvim/lua/noice/message/router.lua:204: in function <.../share/nvim/lazy/noice.nvim/lua/noice/message/router.lua:144>
	[C]: in function 'xpcall'
	...local/share/nvim/lazy/noice.nvim/lua/noice/util/call.lua:149: in function 'try'
	.../.local/share/nvim/lazy/noice.nvim/lua/noice/ui/init.lua:99: in function <.../.local/share/nvim/lazy/noice.nvim/lua/noice/ui/init.lua:74>

Wed  8 Feb 18:22:44 2023
...im/0.8.3/share/nvim/runtime/lua/vim/treesitter/query.lua:219: query: invalid node type at position 2765 for language vim

stack traceback:
	[C]: in function 'pcall'
	...local/share/nvim/lazy/noice.nvim/lua/noice/util/call.lua:144: in function <...local/share/nvim/lazy/noice.nvim/lua/noice/util/call.lua:143>
	[C]: in function '_ts_parse_query'
	...im/0.8.3/share/nvim/runtime/lua/vim/treesitter/query.lua:219: in function 'get_query'
	...share/nvim/lazy/noice.nvim/lua/noice/text/treesitter.lua:51: in function 'fn'
	...3/share/nvim/runtime/lua/vim/treesitter/languagetree.lua:210: in function 'for_each_tree'
	...share/nvim/lazy/noice.nvim/lua/noice/text/treesitter.lua:46: in function 'highlight'
	...
	...ocal/share/nvim/lazy/noice.nvim/lua/noice/text/block.lua:97: in function 'render'
	...local/share/nvim/lazy/noice.nvim/lua/noice/view/init.lua:249: in function 'render'
	....local/share/nvim/lazy/noice.nvim/lua/noice/view/nui.lua:290: in function <....local/share/nvim/lazy/noice.nvim/lua/noice/view/nui.lua:276>
	[C]: in function 'xpcall'
	...local/share/nvim/lazy/noice.nvim/lua/noice/util/call.lua:149: in function 'try'
	...local/share/nvim/lazy/noice.nvim/lua/noice/view/init.lua:136: in function 'display'
	.../share/nvim/lazy/noice.nvim/lua/noice/message/router.lua:204: in function <.../share/nvim/lazy/noice.nvim/lua/noice/message/router.lua:144>
	[C]: in function 'xpcall'
	...local/share/nvim/lazy/noice.nvim/lua/noice/util/call.lua:149: in function 'try'
	.../.local/share/nvim/lazy/noice.nvim/lua/noice/ui/init.lua:99: in function <.../.local/share/nvim/lazy/noice.nvim/lua/noice/ui/init.lua:74>

Wed  8 Feb 18:22:44 2023
...im/0.8.3/share/nvim/runtime/lua/vim/treesitter/query.lua:219: query: invalid node type at position 2765 for language vim

stack traceback:
	[C]: in function 'pcall'
	...local/share/nvim/lazy/noice.nvim/lua/noice/util/call.lua:144: in function <...local/share/nvim/lazy/noice.nvim/lua/noice/util/call.lua:143>
	[C]: in function '_ts_parse_query'
	...im/0.8.3/share/nvim/runtime/lua/vim/treesitter/query.lua:219: in function 'get_query'
	...share/nvim/lazy/noice.nvim/lua/noice/text/treesitter.lua:51: in function 'fn'
	...3/share/nvim/runtime/lua/vim/treesitter/languagetree.lua:210: in function 'for_each_tree'
	...share/nvim/lazy/noice.nvim/lua/noice/text/treesitter.lua:46: in function 'highlight'
	...
	...ocal/share/nvim/lazy/noice.nvim/lua/noice/text/block.lua:97: in function 'render'
	...local/share/nvim/lazy/noice.nvim/lua/noice/view/init.lua:249: in function 'render'
	....local/share/nvim/lazy/noice.nvim/lua/noice/view/nui.lua:290: in function <....local/share/nvim/lazy/noice.nvim/lua/noice/view/nui.lua:276>
	[C]: in function 'xpcall'
	...local/share/nvim/lazy/noice.nvim/lua/noice/util/call.lua:149: in function 'try'
	...local/share/nvim/lazy/noice.nvim/lua/noice/view/init.lua:136: in function 'display'
	.../share/nvim/lazy/noice.nvim/lua/noice/message/router.lua:204: in function <.../share/nvim/lazy/noice.nvim/lua/noice/message/router.lua:144>
	[C]: in function 'xpcall'
	...local/share/nvim/lazy/noice.nvim/lua/noice/util/call.lua:149: in function 'try'
	.../.local/share/nvim/lazy/noice.nvim/lua/noice/ui/init.lua:99: in function <.../.local/share/nvim/lazy/noice.nvim/lua/noice/ui/init.lua:74>

Wed  8 Feb 18:23:41 2023
...im/0.8.3/share/nvim/runtime/lua/vim/treesitter/query.lua:219: query: invalid node type at position 2765 for language vim

stack traceback:
	[C]: in function 'pcall'
	...local/share/nvim/lazy/noice.nvim/lua/noice/util/call.lua:144: in function <...local/share/nvim/lazy/noice.nvim/lua/noice/util/call.lua:143>
	[C]: in function '_ts_parse_query'
	...im/0.8.3/share/nvim/runtime/lua/vim/treesitter/query.lua:219: in function 'get_query'
	...share/nvim/lazy/noice.nvim/lua/noice/text/treesitter.lua:51: in function 'fn'
	...3/share/nvim/runtime/lua/vim/treesitter/languagetree.lua:210: in function 'for_each_tree'
	...share/nvim/lazy/noice.nvim/lua/noice/text/treesitter.lua:46: in function 'highlight'
	...
	...ocal/share/nvim/lazy/noice.nvim/lua/noice/text/block.lua:97: in function 'render'
	...local/share/nvim/lazy/noice.nvim/lua/noice/view/init.lua:249: in function 'render'
	....local/share/nvim/lazy/noice.nvim/lua/noice/view/nui.lua:290: in function <....local/share/nvim/lazy/noice.nvim/lua/noice/view/nui.lua:276>
	[C]: in function 'xpcall'
	...local/share/nvim/lazy/noice.nvim/lua/noice/util/call.lua:149: in function 'try'
	...local/share/nvim/lazy/noice.nvim/lua/noice/view/init.lua:136: in function 'display'
	.../share/nvim/lazy/noice.nvim/lua/noice/message/router.lua:204: in function <.../share/nvim/lazy/noice.nvim/lua/noice/message/router.lua:144>
	[C]: in function 'xpcall'
	...local/share/nvim/lazy/noice.nvim/lua/noice/util/call.lua:149: in function 'try'
	.../.local/share/nvim/lazy/noice.nvim/lua/noice/ui/init.lua:99: in function <.../.local/share/nvim/lazy/noice.nvim/lua/noice/ui/init.lua:74>

Wed  8 Feb 18:23:41 2023
...im/0.8.3/share/nvim/runtime/lua/vim/treesitter/query.lua:219: query: invalid node type at position 2765 for language vim

stack traceback:
	[C]: in function 'pcall'
	...local/share/nvim/lazy/noice.nvim/lua/noice/util/call.lua:144: in function <...local/share/nvim/lazy/noice.nvim/lua/noice/util/call.lua:143>
	[C]: in function '_ts_parse_query'
	...im/0.8.3/share/nvim/runtime/lua/vim/treesitter/query.lua:219: in function 'get_query'
	...share/nvim/lazy/noice.nvim/lua/noice/text/treesitter.lua:51: in function 'fn'
	...3/share/nvim/runtime/lua/vim/treesitter/languagetree.lua:210: in function 'for_each_tree'
	...share/nvim/lazy/noice.nvim/lua/noice/text/treesitter.lua:46: in function 'highlight'
	...
	...ocal/share/nvim/lazy/noice.nvim/lua/noice/text/block.lua:97: in function 'render'
	...local/share/nvim/lazy/noice.nvim/lua/noice/view/init.lua:249: in function 'render'
	....local/share/nvim/lazy/noice.nvim/lua/noice/view/nui.lua:290: in function <....local/share/nvim/lazy/noice.nvim/lua/noice/view/nui.lua:276>
	[C]: in function 'xpcall'
	...local/share/nvim/lazy/noice.nvim/lua/noice/util/call.lua:149: in function 'try'
	...local/share/nvim/lazy/noice.nvim/lua/noice/view/init.lua:136: in function 'display'
	.../share/nvim/lazy/noice.nvim/lua/noice/message/router.lua:204: in function <.../share/nvim/lazy/noice.nvim/lua/noice/message/router.lua:144>
	[C]: in function 'xpcall'
	...local/share/nvim/lazy/noice.nvim/lua/noice/util/call.lua:149: in function 'try'
	.../.local/share/nvim/lazy/noice.nvim/lua/noice/ui/init.lua:99: in function <.../.local/share/nvim/lazy/noice.nvim/lua/noice/ui/init.lua:74>

Wed  8 Feb 18:23:41 2023
...im/0.8.3/share/nvim/runtime/lua/vim/treesitter/query.lua:219: query: invalid node type at position 2765 for language vim

stack traceback:
	[C]: in function 'pcall'
	...local/share/nvim/lazy/noice.nvim/lua/noice/util/call.lua:144: in function <...local/share/nvim/lazy/noice.nvim/lua/noice/util/call.lua:143>
	[C]: in function '_ts_parse_query'
	...im/0.8.3/share/nvim/runtime/lua/vim/treesitter/query.lua:219: in function 'get_query'
	...share/nvim/lazy/noice.nvim/lua/noice/text/treesitter.lua:51: in function 'fn'
	...3/share/nvim/runtime/lua/vim/treesitter/languagetree.lua:210: in function 'for_each_tree'
	...share/nvim/lazy/noice.nvim/lua/noice/text/treesitter.lua:46: in function 'highlight'
	...
	...ocal/share/nvim/lazy/noice.nvim/lua/noice/text/block.lua:97: in function 'render'
	...local/share/nvim/lazy/noice.nvim/lua/noice/view/init.lua:249: in function 'render'
	....local/share/nvim/lazy/noice.nvim/lua/noice/view/nui.lua:290: in function <....local/share/nvim/lazy/noice.nvim/lua/noice/view/nui.lua:276>
	[C]: in function 'xpcall'
	...local/share/nvim/lazy/noice.nvim/lua/noice/util/call.lua:149: in function 'try'
	...local/share/nvim/lazy/noice.nvim/lua/noice/view/init.lua:136: in function 'display'
	.../share/nvim/lazy/noice.nvim/lua/noice/message/router.lua:204: in function <.../share/nvim/lazy/noice.nvim/lua/noice/message/router.lua:144>
	[C]: in function 'xpcall'
	...local/share/nvim/lazy/noice.nvim/lua/noice/util/call.lua:149: in function 'try'
	.../.local/share/nvim/lazy/noice.nvim/lua/noice/ui/init.lua:99: in function <.../.local/share/nvim/lazy/noice.nvim/lua/noice/ui/init.lua:74>

Wed  8 Feb 18:23:43 2023
...im/0.8.3/share/nvim/runtime/lua/vim/treesitter/query.lua:219: query: invalid node type at position 2765 for language vim

stack traceback:
	[C]: in function 'pcall'
	...local/share/nvim/lazy/noice.nvim/lua/noice/util/call.lua:144: in function <...local/share/nvim/lazy/noice.nvim/lua/noice/util/call.lua:143>
	[C]: in function '_ts_parse_query'
	...im/0.8.3/share/nvim/runtime/lua/vim/treesitter/query.lua:219: in function 'get_query'
	...share/nvim/lazy/noice.nvim/lua/noice/text/treesitter.lua:51: in function 'fn'
	...3/share/nvim/runtime/lua/vim/treesitter/languagetree.lua:210: in function 'for_each_tree'
	...share/nvim/lazy/noice.nvim/lua/noice/text/treesitter.lua:46: in function 'highlight'
	...
	...ocal/share/nvim/lazy/noice.nvim/lua/noice/text/block.lua:97: in function 'render'
	...local/share/nvim/lazy/noice.nvim/lua/noice/view/init.lua:249: in function 'render'
	....local/share/nvim/lazy/noice.nvim/lua/noice/view/nui.lua:290: in function <....local/share/nvim/lazy/noice.nvim/lua/noice/view/nui.lua:276>
	[C]: in function 'xpcall'
	...local/share/nvim/lazy/noice.nvim/lua/noice/util/call.lua:149: in function 'try'
	...local/share/nvim/lazy/noice.nvim/lua/noice/view/init.lua:136: in function 'display'
	.../share/nvim/lazy/noice.nvim/lua/noice/message/router.lua:204: in function <.../share/nvim/lazy/noice.nvim/lua/noice/message/router.lua:144>
	[C]: in function 'xpcall'
	...local/share/nvim/lazy/noice.nvim/lua/noice/util/call.lua:149: in function 'try'
	.../.local/share/nvim/lazy/noice.nvim/lua/noice/ui/init.lua:99: in function <.../.local/share/nvim/lazy/noice.nvim/lua/noice/ui/init.lua:74>

Wed  8 Feb 18:23:45 2023
...im/0.8.3/share/nvim/runtime/lua/vim/treesitter/query.lua:219: query: invalid node type at position 2765 for language vim

stack traceback:
	[C]: in function 'pcall'
	...local/share/nvim/lazy/noice.nvim/lua/noice/util/call.lua:144: in function <...local/share/nvim/lazy/noice.nvim/lua/noice/util/call.lua:143>
	[C]: in function '_ts_parse_query'
	...im/0.8.3/share/nvim/runtime/lua/vim/treesitter/query.lua:219: in function 'get_query'
	...share/nvim/lazy/noice.nvim/lua/noice/text/treesitter.lua:51: in function 'fn'
	...3/share/nvim/runtime/lua/vim/treesitter/languagetree.lua:210: in function 'for_each_tree'
	...share/nvim/lazy/noice.nvim/lua/noice/text/treesitter.lua:46: in function 'highlight'
	...
	...ocal/share/nvim/lazy/noice.nvim/lua/noice/text/block.lua:97: in function 'render'
	...local/share/nvim/lazy/noice.nvim/lua/noice/view/init.lua:249: in function 'render'
	....local/share/nvim/lazy/noice.nvim/lua/noice/view/nui.lua:290: in function <....local/share/nvim/lazy/noice.nvim/lua/noice/view/nui.lua:276>
	[C]: in function 'xpcall'
	...local/share/nvim/lazy/noice.nvim/lua/noice/util/call.lua:149: in function 'try'
	...local/share/nvim/lazy/noice.nvim/lua/noice/view/init.lua:136: in function 'display'
	.../share/nvim/lazy/noice.nvim/lua/noice/message/router.lua:204: in function <.../share/nvim/lazy/noice.nvim/lua/noice/message/router.lua:144>
	[C]: in function 'xpcall'
	...local/share/nvim/lazy/noice.nvim/lua/noice/util/call.lua:149: in function 'try'
	.../.local/share/nvim/lazy/noice.nvim/lua/noice/ui/init.lua:99: in function <.../.local/share/nvim/lazy/noice.nvim/lua/noice/ui/init.lua:74>

Wed  8 Feb 19:37:49 2023
...im/0.8.3/share/nvim/runtime/lua/vim/treesitter/query.lua:219: query: invalid node type at position 2765 for language vim

stack traceback:
	[C]: in function 'pcall'
	...local/share/nvim/lazy/noice.nvim/lua/noice/util/call.lua:144: in function <...local/share/nvim/lazy/noice.nvim/lua/noice/util/call.lua:143>
	[C]: in function '_ts_parse_query'
	...im/0.8.3/share/nvim/runtime/lua/vim/treesitter/query.lua:219: in function 'get_query'
	...share/nvim/lazy/noice.nvim/lua/noice/text/treesitter.lua:51: in function 'fn'
	...3/share/nvim/runtime/lua/vim/treesitter/languagetree.lua:210: in function 'for_each_tree'
	...share/nvim/lazy/noice.nvim/lua/noice/text/treesitter.lua:46: in function 'highlight'
	...
	...ocal/share/nvim/lazy/noice.nvim/lua/noice/text/block.lua:97: in function 'render'
	...local/share/nvim/lazy/noice.nvim/lua/noice/view/init.lua:249: in function 'render'
	....local/share/nvim/lazy/noice.nvim/lua/noice/view/nui.lua:290: in function <....local/share/nvim/lazy/noice.nvim/lua/noice/view/nui.lua:276>
	[C]: in function 'xpcall'
	...local/share/nvim/lazy/noice.nvim/lua/noice/util/call.lua:149: in function 'try'
	...local/share/nvim/lazy/noice.nvim/lua/noice/view/init.lua:136: in function 'display'
	.../share/nvim/lazy/noice.nvim/lua/noice/message/router.lua:204: in function <.../share/nvim/lazy/noice.nvim/lua/noice/message/router.lua:144>
	[C]: in function 'xpcall'
	...local/share/nvim/lazy/noice.nvim/lua/noice/util/call.lua:149: in function 'try'
	.../.local/share/nvim/lazy/noice.nvim/lua/noice/ui/init.lua:99: in function <.../.local/share/nvim/lazy/noice.nvim/lua/noice/ui/init.lua:74>

Wed  8 Feb 19:37:49 2023
...im/0.8.3/share/nvim/runtime/lua/vim/treesitter/query.lua:219: query: invalid node type at position 2765 for language vim

stack traceback:
	[C]: in function 'pcall'
	...local/share/nvim/lazy/noice.nvim/lua/noice/util/call.lua:144: in function <...local/share/nvim/lazy/noice.nvim/lua/noice/util/call.lua:143>
	[C]: in function '_ts_parse_query'
	...im/0.8.3/share/nvim/runtime/lua/vim/treesitter/query.lua:219: in function 'get_query'
	...share/nvim/lazy/noice.nvim/lua/noice/text/treesitter.lua:51: in function 'fn'
	...3/share/nvim/runtime/lua/vim/treesitter/languagetree.lua:210: in function 'for_each_tree'
	...share/nvim/lazy/noice.nvim/lua/noice/text/treesitter.lua:46: in function 'highlight'
	...
	...ocal/share/nvim/lazy/noice.nvim/lua/noice/text/block.lua:97: in function 'render'
	...local/share/nvim/lazy/noice.nvim/lua/noice/view/init.lua:249: in function 'render'
	....local/share/nvim/lazy/noice.nvim/lua/noice/view/nui.lua:290: in function <....local/share/nvim/lazy/noice.nvim/lua/noice/view/nui.lua:276>
	[C]: in function 'xpcall'
	...local/share/nvim/lazy/noice.nvim/lua/noice/util/call.lua:149: in function 'try'
	...local/share/nvim/lazy/noice.nvim/lua/noice/view/init.lua:136: in function 'display'
	.../share/nvim/lazy/noice.nvim/lua/noice/message/router.lua:204: in function <.../share/nvim/lazy/noice.nvim/lua/noice/message/router.lua:144>
	[C]: in function 'xpcall'
	...local/share/nvim/lazy/noice.nvim/lua/noice/util/call.lua:149: in function 'try'
	.../.local/share/nvim/lazy/noice.nvim/lua/noice/ui/init.lua:99: in function <.../.local/share/nvim/lazy/noice.nvim/lua/noice/ui/init.lua:74>