[22:26:34.834][info] [#0:/Users/vishalpaudel/.local/share/nvim/mason/packages/lua-language-server/extension/server/main.lua:66]: Lua Lsp startup, root: 	/Users/vishalpaudel/.local/share/nvim/mason/packages/lua-language-server/extension/server
[22:26:34.835][info] [#0:/Users/vishalpaudel/.local/share/nvim/mason/packages/lua-language-server/extension/server/main.lua:67]: ROOT:	/Users/vishalpaudel/.local/share/nvim/mason/packages/lua-language-server/extension/server
[22:26:34.835][info] [#0:/Users/vishalpaudel/.local/share/nvim/mason/packages/lua-language-server/extension/server/main.lua:68]: LOGPATH:	/Users/vishalpaudel/.local/share/nvim/mason/packages/lua-language-server/extension/server/log
[22:26:34.835][info] [#0:/Users/vishalpaudel/.local/share/nvim/mason/packages/lua-language-server/extension/server/main.lua:69]: METAPATH:	/Users/vishalpaudel/.local/share/nvim/mason/packages/lua-language-server/extension/server/meta
[22:26:34.836][info] [#0:/Users/vishalpaudel/.local/share/nvim/mason/packages/lua-language-server/extension/server/main.lua:70]: VERSION:	3.6.4-dev
[22:26:34.863][info] [#0:script/service/service.lua:141]: 
========= Medical Examination Report =========
    --------------- Memory ---------------
        Total: 1.563 MB
        # 00 : 1.563 MB
        # 01 : 0.000 MB
        # 02 : 0.000 MB
        # 03 : 0.000 MB
        # 04 : 0.000 MB
    --------------- Coroutine ---------------
        Total:     0
        Running:   0
        Suspended: 0
        Normal:    0
        Dead:      0
    --------------- Cache ---------------
        Total: 1
        Dead:  0
    ---------------  RPC  ---------------
        Holdon:   0
        Waiting:  0
==============================================
[22:26:34.868][info] [#0:script/language.lua:137]: VSC language: nil
[22:26:34.868][info] [#0:script/language.lua:138]: LS  language: en-us
[22:26:34.868][info] [#0:script/workspace/workspace.lua:38]: Workspace init root: 	file:///Users/vishalpaudel/dotfiles/vim/.config/nvim/lua/
[22:26:34.868][info] [#0:script/workspace/workspace.lua:42]: Log path: 	/Users/vishalpaudel/.local/share/nvim/mason/packages/lua-language-server/extension/server/log/file_Users_vishalpaudel_dotfiles_vim_.config_nvim_lua_.log
[22:26:34.869][info] [#0:script/workspace/workspace.lua:51]: Workspace create: 	file:///Users/vishalpaudel/dotfiles/vim/.config/nvim/lua/
[22:26:34.871][info] [#0:script/provider/provider.lua:41]: Load config from client	file:///Users/vishalpaudel/dotfiles/vim/.config/nvim/lua/
[22:26:34.871][info] [#0:script/provider/provider.lua:42]: {
  Lua = {
    diagnostics = {
      globals = { "vim" }
    },
    telemetry = {
      enable = false
    }
  }
}
[22:26:34.871][info] [#0:script/provider/provider.lua:41]: Load config from client	file:///Users/vishalpaudel/dotfiles/vim/.config/nvim/lua/
[22:26:34.871][info] [#0:script/provider/provider.lua:42]: {
  Lua = {
    diagnostics = {
      globals = { "vim" }
    },
    telemetry = {
      enable = false
    }
  }
}
[22:26:34.871][info] [#0:script/provider/provider.lua:41]: Load config from client	file:///Users/vishalpaudel/dotfiles/vim/.config/nvim/lua/
[22:26:34.871][info] [#0:script/provider/provider.lua:42]: {
  Lua = {
    diagnostics = {
      globals = { "vim" }
    },
    telemetry = {
      enable = false
    }
  }
}
[22:26:34.871][info] [#0:script/provider/provider.lua:56]: Load config from client	fallback
[22:26:34.871][info] [#0:script/provider/provider.lua:57]: {
  Lua = {
    diagnostics = {
      globals = { "vim" }
    },
    telemetry = {
      enable = false
    }
  }
}
[22:26:34.872][info] [#0:script/library.lua:209]: Init builtin library at:	file:///Users/vishalpaudel/dotfiles/vim/.config/nvim/lua/
[22:26:34.882][info] [#0:script/plugin.lua:86]: plugin path:	/Users/vishalpaudel/dotfiles/vim/.config/nvim/lua
[22:26:34.882][warn] [#0:script/plugin.lua:101]: plugin not found:	/Users/vishalpaudel/dotfiles/vim/.config/nvim/lua
[22:26:34.882][info] [#0:script/library.lua:209]: Init builtin library at:	nil
[22:26:34.890][info] [#0:script/provider/provider.lua:56]: Load config from client	fallback
[22:26:34.890][info] [#0:script/provider/provider.lua:57]: {
  Lua = {
    diagnostics = {
      globals = { "vim" }
    },
    telemetry = {
      enable = false
    }
  }
}
[22:26:34.890][info] [#0:script/provider/provider.lua:56]: Load config from client	fallback
[22:26:34.890][info] [#0:script/provider/provider.lua:57]: {
  Lua = {
    diagnostics = {
      globals = { "vim" }
    },
    telemetry = {
      enable = false
    }
  }
}
[22:26:34.996][info] [#0:script/workspace/workspace.lua:304]: Preload start:	file:///Users/vishalpaudel/dotfiles/vim/.config/nvim/lua/
[22:26:34.996][info] [#0:script/workspace/workspace.lua:310]: Scan files at:	file:///Users/vishalpaudel/dotfiles/vim/.config/nvim/lua/
[22:26:34.997][info] [#0:script/workspace/workspace.lua:304]: Preload start:	<fallback>
[22:26:34.997][info] [#0:script/workspace/workspace.lua:327]: Scan library at:	file:///Users/vishalpaudel/.local/share/nvim/mason/packages/lua-language-server/extension/server/meta/Lua%205.4%20en-us%20utf8
[22:26:34.998][info] [#0:script/workspace/workspace.lua:327]: Scan library at:	file:///Users/vishalpaudel/.local/share/nvim/mason/packages/lua-language-server/extension/server/meta/Lua%205.4%20en-us%20utf8
[22:26:35.104][info] [#0:script/workspace/workspace.lua:347]: Found 11 files at:	<fallback>
[22:26:35.105][info] [#0:script/workspace/loading.lua:157]: Load files from disk:	<fallback>
[22:26:35.105][info] [#0:script/workspace/workspace.lua:347]: Found 15 files at:	file:///Users/vishalpaudel/dotfiles/vim/.config/nvim/lua/
[22:26:35.105][info] [#0:script/workspace/loading.lua:157]: Load files from disk:	file:///Users/vishalpaudel/dotfiles/vim/.config/nvim/lua/
[22:26:35.363][info] [#0:script/workspace/loading.lua:169]: Loaded files takes [0.055] sec: <fallback>
[22:26:35.364][info] [#0:script/workspace/loading.lua:178]: Compile files takes [0.000] sec: <fallback>
[22:26:35.364][info] [#0:script/workspace/loading.lua:179]: Loaded finish:	<fallback>
[22:26:35.364][info] [#0:script/workspace/workspace.lua:349]: Preload finish at:	<fallback>
[22:26:35.373][info] [#0:script/workspace/loading.lua:169]: Loaded files takes [0.062] sec: file:///Users/vishalpaudel/dotfiles/vim/.config/nvim/lua/
[22:26:35.373][info] [#0:script/workspace/loading.lua:178]: Compile files takes [0.000] sec: file:///Users/vishalpaudel/dotfiles/vim/.config/nvim/lua/
[22:26:35.373][info] [#0:script/workspace/loading.lua:179]: Loaded finish:	file:///Users/vishalpaudel/dotfiles/vim/.config/nvim/lua/
[22:26:35.373][info] [#0:script/workspace/workspace.lua:349]: Preload finish at:	file:///Users/vishalpaudel/dotfiles/vim/.config/nvim/lua/
[22:26:35.384][warn] [#0:script/proto/proto.lua:122]: Response of [workspace/diagnostic/refresh] error [-32601]: MethodNotFound
[22:26:35.489][info] [#0:script/provider/diagnostic.lua:552]: Diagnostics scope [file:///Users/vishalpaudel/dotfiles/vim/.config/nvim/lua/], files count:[15]
[22:26:35.490][warn] [#0:script/proto/proto.lua:122]: Response of [workspace/diagnostic/refresh] error [-32601]: MethodNotFound
[22:26:35.532][info] [#0:script/provider/diagnostic.lua:569]: Diagnostics scope [file:///Users/vishalpaudel/dotfiles/vim/.config/nvim/lua/] finished, takes [0.041] sec.
[22:26:42.094][info] [#0:script/provider/provider.lua:170]: Server shutdown.
[22:26:42.094][warn] [#0:script/pub/report.lua:25]: Load proto error:	Disconnected!
